<?xml version="1.0" encoding="UTF-8"?>
<!-- Generated by org.testng.reporters.JUnitReportReporter -->
<testsuite skipped="0" hostname="INPDY-D-0013" name="com.quantum.qa.testcase.LoanCreationFileUpload" tests="1" failures="0" timestamp="28 Feb 2019 10:54:02 GMT" time="27.666" errors="0">
  <testcase name="createloanfilupload" time="27.666" classname="com.quantum.qa.testcase.LoanCreationFileUpload"/>
</testsuite> <!-- com.quantum.qa.testcase.LoanCreationFileUpload -->
