<?xml version="1.0" encoding="UTF-8"?>
<!-- Generated by org.testng.reporters.JUnitReportReporter -->
<testsuite skipped="0" hostname="INPDY-D-0013" name="com.quantum.qa.testcase.Tc003ReferralProgramSelection" tests="1" failures="0" timestamp="06 Mar 2019 07:16:28 GMT" time="59.917" errors="0">
  <testcase name="loanwithreferalprogram" time="59.917" classname="com.quantum.qa.testcase.Tc003ReferralProgramSelection"/>
</testsuite> <!-- com.quantum.qa.testcase.Tc003ReferralProgramSelection -->
