<?xml version="1.0" encoding="UTF-8"?>
<!-- Generated by org.testng.reporters.JUnitReportReporter -->
<testsuite skipped="0" hostname="INPDY-D-0013" name="com.quantum.qa.testcase.LoanCreation" tests="1" failures="0" timestamp="28 Feb 2019 09:36:33 GMT" time="28.010" errors="0">
  <testcase name="createloan" time="28.010" classname="com.quantum.qa.testcase.LoanCreation"/>
</testsuite> <!-- com.quantum.qa.testcase.LoanCreation -->
