<?xml version="1.0" encoding="UTF-8"?>
<!-- Generated by org.testng.reporters.JUnitReportReporter -->
<testsuite skipped="0" hostname="INPDY-D-0013" name="com.quantum.qa.testcase.Tc001LoanCreationFileUpload" tests="1" failures="0" timestamp="03 Apr 2019 14:12:28 GMT" time="84.154" errors="0">
  <testcase name="createloanfilupload" time="84.154" classname="com.quantum.qa.testcase.Tc001LoanCreationFileUpload"/>
</testsuite> <!-- com.quantum.qa.testcase.Tc001LoanCreationFileUpload -->
