<?xml version="1.0" encoding="UTF-8"?>
<!-- Generated by org.testng.reporters.JUnitReportReporter -->
<testsuite skipped="0" hostname="INPDY-D-0013" name="com.quantum.qa.testcase.Tc002LoanCreationLoanapp" tests="1" failures="0" timestamp="08 Apr 2019 14:58:47 GMT" time="131.786" errors="0">
  <testcase name="createloanapplication" time="131.786" classname="com.quantum.qa.testcase.Tc002LoanCreationLoanapp"/>
</testsuite> <!-- com.quantum.qa.testcase.Tc002LoanCreationLoanapp -->
